<?xml version="1.0" encoding="UTF-8"?>
<!-- Generated by org.testng.reporters.JUnitReportReporter -->
<testsuite hostname="DESKTOP-AUPV5AJ" failures="0" tests="3" name="test.NewAccountTest" time="23.787" errors="0" timestamp="21 Sep 2020 12:59:28 GMT" skipped="0">
  <testcase classname="test.NewAccountTest" name="login" time="5.640"/>
  <testcase classname="test.NewAccountTest" name="newCustomer" time="9.408"/>
  <testcase classname="test.NewAccountTest" name="newAccount" time="8.739"/>
</testsuite> <!-- test.NewAccountTest -->
