<?xml version="1.0" encoding="UTF-8"?>
<!-- Generated by org.testng.reporters.JUnitReportReporter -->
<testsuite hostname="DESKTOP-AUPV5AJ" failures="0" tests="1" name="test.LoginTest" time="19.950" errors="0" timestamp="21 Sep 2020 09:35:42 GMT" skipped="0">
  <testcase classname="test.LoginTest" name="login" time="19.950"/>
</testsuite> <!-- test.LoginTest -->
