<?xml version="1.0" encoding="UTF-8"?>
<!-- Generated by org.testng.reporters.JUnitReportReporter -->
<testsuite hostname="DESKTOP-AUPV5AJ" failures="0" tests="4" name="test.DepositeTest" time="45.793" errors="0" timestamp="21 Sep 2020 13:59:16 GMT" skipped="0">
  <testcase classname="test.DepositeTest" name="login" time="8.225"/>
  <testcase classname="test.DepositeTest" name="newCustomer" time="17.588"/>
  <testcase classname="test.DepositeTest" name="newAccount" time="8.728"/>
  <testcase classname="test.DepositeTest" name="deposite" time="11.252"/>
</testsuite> <!-- test.DepositeTest -->
