<?xml version="1.0" encoding="UTF-8"?>
<!-- Generated by org.testng.reporters.JUnitReportReporter -->
<testsuite hostname="DESKTOP-AUPV5AJ" failures="0" tests="4" name="test.EditAccountTest" time="34.000" errors="0" timestamp="21 Sep 2020 13:40:58 GMT" skipped="0">
  <testcase classname="test.EditAccountTest" name="login" time="10.454"/>
  <testcase classname="test.EditAccountTest" name="newCustomer" time="10.471"/>
  <testcase classname="test.EditAccountTest" name="newAccount" time="5.749"/>
  <testcase classname="test.EditAccountTest" name="editAccount" time="7.326"/>
</testsuite> <!-- test.EditAccountTest -->
