<?xml version="1.0" encoding="UTF-8"?>
<!-- Generated by org.testng.reporters.JUnitReportReporter -->
<testsuite hostname="DESKTOP-AUPV5AJ" failures="0" tests="3" name="test.DeleteCustomerTest" time="42.964" errors="0" timestamp="21 Sep 2020 12:00:08 GMT" skipped="0">
  <testcase classname="test.DeleteCustomerTest" name="login" time="6.716"/>
  <testcase classname="test.DeleteCustomerTest" name="newCustomer" time="27.798"/>
  <testcase classname="test.DeleteCustomerTest" name="deleteCustomer" time="8.450"/>
</testsuite> <!-- test.DeleteCustomerTest -->
