<?xml version="1.0" encoding="UTF-8"?>
<!-- Generated by org.testng.reporters.JUnitReportReporter -->
<testsuite hostname="DESKTOP-AUPV5AJ" failures="0" tests="4" name="test.DeleteAccountTest" time="37.505" errors="0" timestamp="21 Sep 2020 13:25:10 GMT" skipped="0">
  <testcase classname="test.DeleteAccountTest" name="login" time="13.082"/>
  <testcase classname="test.DeleteAccountTest" name="newCustomer" time="10.411"/>
  <testcase classname="test.DeleteAccountTest" name="newAccount" time="6.987"/>
  <testcase classname="test.DeleteAccountTest" name="deleteAccount" time="7.025"/>
</testsuite> <!-- test.DeleteAccountTest -->
