<?xml version="1.0" encoding="UTF-8"?>
<!-- Generated by org.testng.reporters.JUnitReportReporter -->
<testsuite hostname="DESKTOP-AUPV5AJ" failures="0" tests="2" name="test.NewCustomerTest" time="30.704" errors="0" timestamp="21 Sep 2020 10:15:19 GMT" skipped="0">
  <testcase classname="test.NewCustomerTest" name="login" time="19.742"/>
  <testcase classname="test.NewCustomerTest" name="newCustomer" time="10.962"/>
</testsuite> <!-- test.NewCustomerTest -->
