<?xml version="1.0" encoding="UTF-8"?>
<!-- Generated by org.testng.reporters.JUnitReportReporter -->
<testsuite hostname="DESKTOP-AUPV5AJ" failures="0" tests="3" name="test.EditCustomerTest" time="36.296" errors="0" timestamp="21 Sep 2020 11:33:34 GMT" skipped="0">
  <testcase classname="test.EditCustomerTest" name="login" time="11.011"/>
  <testcase classname="test.EditCustomerTest" name="newCustomer" time="11.818"/>
  <testcase classname="test.EditCustomerTest" name="editCustomer" time="13.467"/>
</testsuite> <!-- test.EditCustomerTest -->
